<?xml version="1.0" encoding="UTF-8"?>
<testsuite name="ohtu.matkakortti.KassapaateTest" tests="4" skipped="0" failures="0" errors="0" timestamp="2020-11-22T19:59:13" hostname="lx9-fuxi166" time="0.306">
  <properties/>
  <testcase name="kortiltaVelotetaanHintaJosRahaaOn" classname="ohtu.matkakortti.KassapaateTest" time="0.302"/>
  <testcase name="kortilleLisätäänRahaaJosLadataanOikein" classname="ohtu.matkakortti.KassapaateTest" time="0.0"/>
  <testcase name="kortiltaEiVelotetaJosRahaEiRiita" classname="ohtu.matkakortti.KassapaateTest" time="0.001"/>
  <testcase name="kortilleEiLisätäRahaaJosNegatiivinen" classname="ohtu.matkakortti.KassapaateTest" time="0.0"/>
  <system-out><![CDATA[]]></system-out>
  <system-err><![CDATA[]]></system-err>
</testsuite>
